0 info it worked if it ends with ok
1 verbose cli [ '/home/ciro/.nvm/versions/node/v6.5.0/bin/node',
1 verbose cli   '/home/ciro/.nvm/versions/node/v6.5.0/bin/npm',
1 verbose cli   'start' ]
2 info using npm@3.10.6
3 info using node@v6.5.0
4 verbose run-script [ 'prestart', 'start', 'poststart' ]
5 info lifecycle ng2-tag-input@0.3.7~prestart: ng2-tag-input@0.3.7
6 silly lifecycle ng2-tag-input@0.3.7~prestart: no script for prestart, continuing
7 info lifecycle ng2-tag-input@0.3.7~start: ng2-tag-input@0.3.7
8 verbose lifecycle ng2-tag-input@0.3.7~start: unsafe-perm in lifecycle true
9 verbose lifecycle ng2-tag-input@0.3.7~start: PATH: /home/ciro/.nvm/versions/node/v6.5.0/lib/node_modules/npm/bin/node-gyp-bin:/home/ciro/workspace/ng2-tag-input/node_modules/.bin:/home/ciro/.nvm/versions/node/v6.5.0/bin:/usr/local/sbin:/usr/local/bin:/usr/sbin:/usr/bin:/sbin:/bin:/usr/games:/usr/local/games
10 verbose lifecycle ng2-tag-input@0.3.7~start: CWD: /home/ciro/workspace/ng2-tag-input
11 silly lifecycle ng2-tag-input@0.3.7~start: Args: [ '-c', 'npm run server' ]
12 silly lifecycle ng2-tag-input@0.3.7~start: Returned: code: 1  signal: null
13 info lifecycle ng2-tag-input@0.3.7~start: Failed to exec start script
14 verbose stack Error: ng2-tag-input@0.3.7 start: `npm run server`
14 verbose stack Exit status 1
14 verbose stack     at EventEmitter.<anonymous> (/home/ciro/.nvm/versions/node/v6.5.0/lib/node_modules/npm/lib/utils/lifecycle.js:255:16)
14 verbose stack     at emitTwo (events.js:106:13)
14 verbose stack     at EventEmitter.emit (events.js:191:7)
14 verbose stack     at ChildProcess.<anonymous> (/home/ciro/.nvm/versions/node/v6.5.0/lib/node_modules/npm/lib/utils/spawn.js:40:14)
14 verbose stack     at emitTwo (events.js:106:13)
14 verbose stack     at ChildProcess.emit (events.js:191:7)
14 verbose stack     at maybeClose (internal/child_process.js:877:16)
14 verbose stack     at Process.ChildProcess._handle.onexit (internal/child_process.js:226:5)
15 verbose pkgid ng2-tag-input@0.3.7
16 verbose cwd /home/ciro/workspace/ng2-tag-input/demo
17 error Linux 4.2.0-35-generic
18 error argv "/home/ciro/.nvm/versions/node/v6.5.0/bin/node" "/home/ciro/.nvm/versions/node/v6.5.0/bin/npm" "start"
19 error node v6.5.0
20 error npm  v3.10.6
21 error code ELIFECYCLE
22 error ng2-tag-input@0.3.7 start: `npm run server`
22 error Exit status 1
23 error Failed at the ng2-tag-input@0.3.7 start script 'npm run server'.
23 error Make sure you have the latest version of node.js and npm installed.
23 error If you do, this is most likely a problem with the ng2-tag-input package,
23 error not with npm itself.
23 error Tell the author that this fails on your system:
23 error     npm run server
23 error You can get information on how to open an issue for this project with:
23 error     npm bugs ng2-tag-input
23 error Or if that isn't available, you can get their info via:
23 error     npm owner ls ng2-tag-input
23 error There is likely additional logging output above.
24 verbose exit [ 1, true ]
